[debug] [2022-08-05T07:55:27.788Z] ----------------------------------------------------------------------
[debug] [2022-08-05T07:55:27.790Z] Command:       C:\Program Files\nodejs\node.exe C:\Users\alexandru.caragop\AppData\Roaming\npm\node_modules\firebase-tools\lib\bin\firebase.js init
[debug] [2022-08-05T07:55:27.790Z] CLI Version:   11.4.2
[debug] [2022-08-05T07:55:27.790Z] Platform:      win32
[debug] [2022-08-05T07:55:27.790Z] Node Version:  v14.18.0
[debug] [2022-08-05T07:55:27.791Z] Time:          Fri Aug 05 2022 10:55:27 GMT+0300 (Eastern European Summer Time)
[debug] [2022-08-05T07:55:27.791Z] ----------------------------------------------------------------------
[debug] 
[debug] [2022-08-05T07:55:27.795Z] > command requires scopes: ["email","openid","https://www.googleapis.com/auth/cloudplatformprojects.readonly","https://www.googleapis.com/auth/firebase","https://www.googleapis.com/auth/cloud-platform"]
[debug] [2022-08-05T07:55:27.795Z] > authorizing via signed-in user (alexandru.caragop@tremend.com)
[info] 
     ######## #### ########  ######## ########     ###     ######  ########
     ##        ##  ##     ## ##       ##     ##  ##   ##  ##       ##
     ######    ##  ########  ######   ########  #########  ######  ######
     ##        ##  ##    ##  ##       ##     ## ##     ##       ## ##
     ##       #### ##     ## ######## ########  ##     ##  ######  ########

You're about to initialize a Firebase project in this directory:

  C:\udemyproject\recipesapp

Before we get started, keep in mind:

  * You are currently outside your home directory

[info] 
=== Project Setup
[info] 
[info] First, let's associate this project directory with a Firebase project.
[info] You can create multiple project aliases by running firebase use --add, 
[info] but for now we'll just set up a default project.
[info] 
[debug] [2022-08-05T07:56:21.202Z] >>> [apiv2][query] GET https://firebase.googleapis.com/v1beta1/projects pageSize=100
[debug] [2022-08-05T07:56:21.879Z] <<< [apiv2][status] GET https://firebase.googleapis.com/v1beta1/projects 200
[debug] [2022-08-05T07:56:21.879Z] <<< [apiv2][body] GET https://firebase.googleapis.com/v1beta1/projects [omitted]
[info] i  Using project ng-http-requests-92ab4 (ng-http-requests) 
[info] 
=== Hosting Setup
[info] 
[info] Your public directory is the folder (relative to your project directory) that
[info] will contain Hosting assets to be uploaded with firebase deploy. If you
[info] have a build process for your assets, use your build's output directory.
[info] 
[debug] [2022-08-05T07:56:37.743Z] >>> [apiv2][query] GET https://www.gstatic.com/firebasejs/releases.json [none]
[debug] [2022-08-05T07:56:37.886Z] <<< [apiv2][status] GET https://www.gstatic.com/firebasejs/releases.json 200
[debug] [2022-08-05T07:56:37.886Z] <<< [apiv2][body] GET https://www.gstatic.com/firebasejs/releases.json {"current":{"version":"9.9.2","browserURL":"https://www.gstatic.com/firebasejs/9.9.2/firebase.js","packageURL":"https://www.gstatic.com/firebasejs/9.9.2/firebase.tgz"},"live":{"version":"9.9","browserURL":"https://www.gstatic.com/firebasejs/live/9.9/firebase.js","packageURL":"https://www.gstatic.com/firebasejs/live/9.9/firebase.tgz"},"components":{"analytics":"https://www.gstatic.com/firebasejs/9.9.2/firebase-analytics.js","app":"https://www.gstatic.com/firebasejs/9.9.2/firebase-app.js","app-check":"https://www.gstatic.com/firebasejs/9.9.2/firebase-app-check.js","auth":"https://www.gstatic.com/firebasejs/9.9.2/firebase-auth.js","auth/cordova":"https://www.gstatic.com/firebasejs/9.9.2/firebase-auth/cordova.js","auth/react-native":"https://www.gstatic.com/firebasejs/9.9.2/firebase-auth/react-native.js","functions":"https://www.gstatic.com/firebasejs/9.9.2/firebase-functions.js","firestore":"https://www.gstatic.com/firebasejs/9.9.2/firebase-firestore.js","firestore/lite":"https://www.gstatic.com/firebasejs/9.9.2/firebase-firestore/lite.js","installations":"https://www.gstatic.com/firebasejs/9.9.2/firebase-installations.js","storage":"https://www.gstatic.com/firebasejs/9.9.2/firebase-storage.js","performance":"https://www.gstatic.com/firebasejs/9.9.2/firebase-performance.js","remote-config":"https://www.gstatic.com/firebasejs/9.9.2/firebase-remote-config.js","messaging":"https://www.gstatic.com/firebasejs/9.9.2/firebase-messaging.js","messaging/sw":"https://www.gstatic.com/firebasejs/9.9.2/firebase-messaging/sw.js","database":"https://www.gstatic.com/firebasejs/9.9.2/firebase-database.js","firestore.memory":"https://www.gstatic.com/firebasejs/9.9.2/firebase-firestore.memory.js"}}
[info] +  Wrote y/index.html 
[info] 
[info] i  Detected a .git folder at C:\udemyproject\recipesapp 
[info] i  Authorizing with GitHub to upload your service account to a GitHub repository's secrets store. 
[info] 
[info] Visit this URL on this device to log in:
[info] https://github.com/login/oauth/authorize?client_id=89cf50f02ac6aaed3484&state=589039250&redirect_uri=http%3A%2F%2Flocalhost%3A9005&scope=read%3Auser%20repo%20public_repo
[info] 
[info] Waiting for authentication...
[debug] [2022-08-05T07:56:59.518Z] >>> [apiv2][query] POST https://github.com/login/oauth/access_token [none]
[debug] [2022-08-05T07:56:59.519Z] >>> [apiv2][body] POST https://github.com/login/oauth/access_token [stream]
[debug] [2022-08-05T07:56:59.831Z] <<< [apiv2][status] POST https://github.com/login/oauth/access_token 200
[debug] [2022-08-05T07:56:59.831Z] <<< [apiv2][body] POST https://github.com/login/oauth/access_token {"access_token":"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","token_type":"bearer","scope":"read:user,repo"}
[debug] [2022-08-05T07:56:59.844Z] >>> [apiv2][query] GET https://api.github.com/user [none]
[debug] [2022-08-05T07:57:00.136Z] <<< [apiv2][status] GET https://api.github.com/user 200
[debug] [2022-08-05T07:57:00.137Z] <<< [apiv2][body] GET https://api.github.com/user {"login":"Caragop-Ioan-Alexandru","id":83941852,"node_id":"MDQ6VXNlcjgzOTQxODUy","avatar_url":"https://avatars.githubusercontent.com/u/83941852?v=4","gravatar_id":"","url":"https://api.github.com/users/Caragop-Ioan-Alexandru","html_url":"https://github.com/Caragop-Ioan-Alexandru","followers_url":"https://api.github.com/users/Caragop-Ioan-Alexandru/followers","following_url":"https://api.github.com/users/Caragop-Ioan-Alexandru/following{/other_user}","gists_url":"https://api.github.com/users/Caragop-Ioan-Alexandru/gists{/gist_id}","starred_url":"https://api.github.com/users/Caragop-Ioan-Alexandru/starred{/owner}{/repo}","subscriptions_url":"https://api.github.com/users/Caragop-Ioan-Alexandru/subscriptions","organizations_url":"https://api.github.com/users/Caragop-Ioan-Alexandru/orgs","repos_url":"https://api.github.com/users/Caragop-Ioan-Alexandru/repos","events_url":"https://api.github.com/users/Caragop-Ioan-Alexandru/events{/privacy}","received_events_url":"https://api.github.com/users/Caragop-Ioan-Alexandru/received_events","type":"User","site_admin":false,"name":"Alexandru-Caragop","company":null,"blog":"","location":null,"email":null,"hireable":null,"bio":null,"twitter_username":null,"public_repos":6,"public_gists":0,"followers":1,"following":1,"created_at":"2021-05-10T06:16:29Z","updated_at":"2022-04-02T13:33:55Z","private_gists":0,"total_private_repos":2,"owned_private_repos":2,"disk_usage":20802,"collaborators":1,"two_factor_authentication":false,"plan":{"name":"free","space":976562499,"collaborators":0,"private_repos":10000}}
[info] 
[info] +  Success! Logged into GitHub as Caragop-Ioan-Alexandru 
[info] 
